<?xml version="1.0" encoding="UTF-8"?>
<testng-results skipped="0" failed="0" ignored="0" total="1" passed="1">
  <reporter-output>
  </reporter-output>
  <suite name="Default suite" duration-ms="197" started-at="2020-08-26T11:24:39Z" finished-at="2020-08-26T11:24:39Z">
    <groups>
    </groups>
    <test name="Default test" duration-ms="197" started-at="2020-08-26T11:24:39Z" finished-at="2020-08-26T11:24:39Z">
      <class name="package1.Smoke">
        <test-method status="PASS" signature="m1()[pri:0, instance:package1.Smoke@5ef60048]" name="m1" duration-ms="43" started-at="2020-08-26T11:24:39Z" finished-at="2020-08-26T11:24:39Z">
          <reporter-output>
          </reporter-output>
        </test-method> <!-- m1 -->
      </class> <!-- package1.Smoke -->
    </test> <!-- Default test -->
  </suite> <!-- Default suite -->
</testng-results>
